1612624604512	geckodriver	INFO	Listening on 127.0.0.1:3171
1612624607570	mozrunner::runner	INFO	Running command: "C:\\Program Files\\Mozilla Firefox\\firefox.exe" "--marionette" "-foreground" "-no-remote" "-profile" "C:\\Users\\林\\AppData\\Local\\Temp\\rust_mozprofilezRZaAs"
console.warn: SearchSettings: "get: No settings file exists, new profile?" (new Error("", "(unknown module)"))
1612624610286	Marionette	INFO	Listening on port 3179
1612624610369	Marionette	WARN	TLS certificate errors will be ignored for this session
1612624610429	Marionette	ERROR	[15] No reply from Marionette:Register
console.error: Region.jsm: "Error fetching region" (new Error("TIMEOUT", "resource://gre/modules/Region.jsm", 775))
console.error: Region.jsm: "Failed to fetch region" (new Error("TIMEOUT", "resource://gre/modules/Region.jsm", 422))
1612624619498	geckodriver	INFO	Listening on 127.0.0.1:3232
1612624622566	mozrunner::runner	INFO	Running command: "C:\\Program Files\\Mozilla Firefox\\firefox.exe" "--marionette" "-foreground" "-no-remote" "-profile" "C:\\Users\\林\\AppData\\Local\\Temp\\rust_mozprofileDv99kd"
console.warn: SearchSettings: "get: No settings file exists, new profile?" (new Error("", "(unknown module)"))
1612624625172	Marionette	INFO	Listening on port 3241
1612624625342	Marionette	WARN	TLS certificate errors will be ignored for this session
1612624625381	Marionette	ERROR	[15] No reply from Marionette:Register
1612625182046	geckodriver	INFO	Listening on 127.0.0.1:3790
1612625185105	mozrunner::runner	INFO	Running command: "C:\\Program Files\\Mozilla Firefox\\firefox.exe" "--marionette" "-foreground" "-no-remote" "-profile" "C:\\Users\\林\\AppData\\Local\\Temp\\rust_mozprofile3PzeQD"
console.warn: SearchSettings: "get: No settings file exists, new profile?" (new Error("", "(unknown module)"))
1612625187791	Marionette	INFO	Listening on port 3803
1612625187911	Marionette	WARN	TLS certificate errors will be ignored for this session
1612625187956	Marionette	ERROR	[18] No reply from Marionette:Register
console.error: Region.jsm: "Error fetching region" (new Error("TIMEOUT", "resource://gre/modules/Region.jsm", 775))
console.error: Region.jsm: "Failed to fetch region" (new Error("TIMEOUT", "resource://gre/modules/Region.jsm", 422))
1612625231331	geckodriver	INFO	Listening on 127.0.0.1:3940
1612625234372	mozrunner::runner	INFO	Running command: "C:\\Program Files\\Mozilla Firefox\\firefox.exe" "--marionette" "-foreground" "-no-remote" "-profile" "C:\\Users\\林\\AppData\\Local\\Temp\\rust_mozprofile7rmjz7"
console.warn: SearchSettings: "get: No settings file exists, new profile?" (new Error("", "(unknown module)"))
1612625237767	Marionette	INFO	Listening on port 3951
1612625237816	Marionette	WARN	TLS certificate errors will be ignored for this session
1612625237838	Marionette	ERROR	[15] No reply from Marionette:Register
console.error: Region.jsm: "Error fetching region" (new Error("TIMEOUT", "resource://gre/modules/Region.jsm", 775))
console.error: Region.jsm: "Failed to fetch region" (new Error("TIMEOUT", "resource://gre/modules/Region.jsm", 422))
1612625384531	geckodriver	INFO	Listening on 127.0.0.1:4252
1612625387578	mozrunner::runner	INFO	Running command: "C:\\Program Files\\Mozilla Firefox\\firefox.exe" "--marionette" "-foreground" "-no-remote" "-profile" "C:\\Users\\林\\AppData\\Local\\Temp\\rust_mozprofileADSAoD"
console.warn: SearchSettings: "get: No settings file exists, new profile?" (new Error("", "(unknown module)"))
1612625390383	Marionette	INFO	Listening on port 4264
1612625390889	Marionette	WARN	TLS certificate errors will be ignored for this session
1612625390920	Marionette	ERROR	[15] No reply from Marionette:Register
1612626067461	geckodriver	INFO	Listening on 127.0.0.1:5328
1612626070497	mozrunner::runner	INFO	Running command: "C:\\Program Files\\Mozilla Firefox\\firefox.exe" "--marionette" "-foreground" "-no-remote" "-profile" "C:\\Users\\林\\AppData\\Local\\Temp\\rust_mozprofile8k7qeP"
console.warn: SearchSettings: "get: No settings file exists, new profile?" (new Error("", "(unknown module)"))
1612626073879	Marionette	INFO	Listening on port 5341
1612626073925	Marionette	WARN	TLS certificate errors will be ignored for this session
1612626073975	Marionette	ERROR	[15] No reply from Marionette:Register
1612626167609	geckodriver	INFO	Listening on 127.0.0.1:5587
1612626170658	mozrunner::runner	INFO	Running command: "C:\\Program Files\\Mozilla Firefox\\firefox.exe" "--marionette" "-foreground" "-no-remote" "-profile" "C:\\Users\\林\\AppData\\Local\\Temp\\rust_mozprofile2vgn8r"
console.warn: SearchSettings: "get: No settings file exists, new profile?" (new Error("", "(unknown module)"))
1612626173475	Marionette	INFO	Listening on port 5601
1612626173957	Marionette	WARN	TLS certificate errors will be ignored for this session
1612626173994	Marionette	ERROR	[15] No reply from Marionette:Register
1612626246024	geckodriver	INFO	Listening on 127.0.0.1:5804
1612626249065	mozrunner::runner	INFO	Running command: "C:\\Program Files\\Mozilla Firefox\\firefox.exe" "--marionette" "-foreground" "-no-remote" "-profile" "C:\\Users\\林\\AppData\\Local\\Temp\\rust_mozprofilegcOpjI"
1612626252329	geckodriver	INFO	Listening on 127.0.0.1:5830
1612626264901	geckodriver	INFO	Listening on 127.0.0.1:5863
1612626267959	mozrunner::runner	INFO	Running command: "C:\\Program Files\\Mozilla Firefox\\firefox.exe" "--marionette" "-foreground" "-no-remote" "-profile" "C:\\Users\\林\\AppData\\Local\\Temp\\rust_mozprofileeWPfmU"
console.warn: SearchSettings: "get: No settings file exists, new profile?" (new Error("", "(unknown module)"))
1612626270543	Marionette	INFO	Listening on port 5877
1612626270764	Marionette	WARN	TLS certificate errors will be ignored for this session
1612626270799	Marionette	ERROR	[15] No reply from Marionette:Register
console.warn: SearchSettings: "get: No settings file exists, new profile?" (new Error("", "(unknown module)"))
1612626367937	geckodriver	INFO	Listening on 127.0.0.1:6092
1612626370967	mozrunner::runner	INFO	Running command: "C:\\Program Files\\Mozilla Firefox\\firefox.exe" "--marionette" "-foreground" "-no-remote" "-profile" "C:\\Users\\林\\AppData\\Local\\Temp\\rust_mozprofileujX7L9"
console.warn: SearchSettings: "get: No settings file exists, new profile?" (new Error("", "(unknown module)"))
1612626373455	Marionette	INFO	Listening on port 6105
1612626373767	Marionette	WARN	TLS certificate errors will be ignored for this session
1612626373799	Marionette	ERROR	[18] No reply from Marionette:Register
console.error: Region.jsm: "Error fetching region" (new Error("TIMEOUT", "resource://gre/modules/Region.jsm", 775))
console.error: Region.jsm: "Failed to fetch region" (new Error("TIMEOUT", "resource://gre/modules/Region.jsm", 422))
1612626464287	geckodriver	INFO	Listening on 127.0.0.1:6320
1612626467349	mozrunner::runner	INFO	Running command: "C:\\Program Files\\Mozilla Firefox\\firefox.exe" "--marionette" "-foreground" "-no-remote" "-profile" "C:\\Users\\林\\AppData\\Local\\Temp\\rust_mozprofileyIWYRl"
console.warn: SearchSettings: "get: No settings file exists, new profile?" (new Error("", "(unknown module)"))
1612626470110	Marionette	INFO	Listening on port 6333
1612626470167	Marionette	WARN	TLS certificate errors will be ignored for this session
1612626470188	Marionette	ERROR	[15] No reply from Marionette:Register
1612626543328	geckodriver	INFO	Listening on 127.0.0.1:6554
1612626546365	mozrunner::runner	INFO	Running command: "C:\\Program Files\\Mozilla Firefox\\firefox.exe" "--marionette" "-foreground" "-no-remote" "-profile" "C:\\Users\\林\\AppData\\Local\\Temp\\rust_mozprofiledrXQqs"
console.warn: SearchSettings: "get: No settings file exists, new profile?" (new Error("", "(unknown module)"))
1612626549318	Marionette	INFO	Listening on port 6566
1612626549695	Marionette	WARN	TLS certificate errors will be ignored for this session
1612626549719	Marionette	ERROR	[15] No reply from Marionette:Register
1612626651592	geckodriver	INFO	Listening on 127.0.0.1:6803
1612626663588	geckodriver	INFO	Listening on 127.0.0.1:6830
1612626666627	mozrunner::runner	INFO	Running command: "C:\\Program Files\\Mozilla Firefox\\firefox.exe" "--marionette" "-foreground" "-no-remote" "-profile" "C:\\Users\\林\\AppData\\Local\\Temp\\rust_mozprofileVoSgvr"
console.warn: SearchSettings: "get: No settings file exists, new profile?" (new Error("", "(unknown module)"))
1612626669155	Marionette	INFO	Listening on port 6844
1612626669419	Marionette	WARN	TLS certificate errors will be ignored for this session
1612626669455	Marionette	ERROR	[15] No reply from Marionette:Register
1612626771933	Marionette	ERROR	[35] No reply from Marionette:Register
1612626900557	geckodriver	INFO	Listening on 127.0.0.1:7290
1612626903611	mozrunner::runner	INFO	Running command: "C:\\Program Files\\Mozilla Firefox\\firefox.exe" "--marionette" "-foreground" "-no-remote" "-profile" "C:\\Users\\林\\AppData\\Local\\Temp\\rust_mozprofileCJZlc4"
console.warn: SearchSettings: "get: No settings file exists, new profile?" (new Error("", "(unknown module)"))
1612626906148	Marionette	INFO	Listening on port 7302
1612626906428	Marionette	WARN	TLS certificate errors will be ignored for this session
1612626906471	Marionette	ERROR	[15] No reply from Marionette:Register
console.error: Region.jsm: "Error fetching region" (new Error("TIMEOUT", "resource://gre/modules/Region.jsm", 775))
console.error: Region.jsm: "Failed to fetch region" (new Error("TIMEOUT", "resource://gre/modules/Region.jsm", 422))
1612626992221	geckodriver	INFO	Listening on 127.0.0.1:7536
1612626995289	mozrunner::runner	INFO	Running command: "C:\\Program Files\\Mozilla Firefox\\firefox.exe" "--marionette" "-foreground" "-no-remote" "-profile" "C:\\Users\\林\\AppData\\Local\\Temp\\rust_mozprofileSHT6uf"
console.warn: SearchSettings: "get: No settings file exists, new profile?" (new Error("", "(unknown module)"))
1612626997928	Marionette	INFO	Listening on port 7546
1612626998103	Marionette	WARN	TLS certificate errors will be ignored for this session
1612626998148	Marionette	ERROR	[18] No reply from Marionette:Register
console.error: Region.jsm: "Error fetching region" (new Error("TIMEOUT", "resource://gre/modules/Region.jsm", 775))
console.error: Region.jsm: "Failed to fetch region" (new Error("TIMEOUT", "resource://gre/modules/Region.jsm", 422))
1612627224842	geckodriver	INFO	Listening on 127.0.0.1:7970
1612627227869	mozrunner::runner	INFO	Running command: "C:\\Program Files\\Mozilla Firefox\\firefox.exe" "--marionette" "-foreground" "-no-remote" "-profile" "C:\\Users\\林\\AppData\\Local\\Temp\\rust_mozprofileFIDkYr"
console.warn: SearchSettings: "get: No settings file exists, new profile?" (new Error("", "(unknown module)"))
1612627230662	Marionette	INFO	Listening on port 7983
1612627230706	Marionette	WARN	TLS certificate errors will be ignored for this session
1612627230730	Marionette	ERROR	[18] No reply from Marionette:Register
console.error: Region.jsm: "Error fetching region" (new Error("TIMEOUT", "resource://gre/modules/Region.jsm", 775))
console.error: Region.jsm: "Failed to fetch region" (new Error("TIMEOUT", "resource://gre/modules/Region.jsm", 422))
1612627268598	Marionette	ERROR	[35] No reply from Marionette:Register
JavaScript warning: https://csdnimg.cn/public/common/libs/jquery/jquery-1.9.1.min.js, line 2: Using //@ to indicate sourceMappingURL pragmas is deprecated. Use //# instead
JavaScript error: , line 0: uncaught exception: undefined
JavaScript error: https://googleads.g.doubleclick.net/pagead/ads?guci=2.2.0.0.2.2.0.0&client=ca-pub-1076724771190722&output=html&h=600&slotname=1173711872&adk=234842763&adf=351202336&pi=t.ma~as.1173711872&w=300&fwrn=4&fwrnh=100&lmt=1612627280&rafmt=1&psa=0&format=300x600&url=https%3A%2F%2Fblog.csdn.net%2Fweixin_43616817%2Farticle%2Fdetails%2F109022479&flash=0&fwr=0&fwrattr=true&rpe=1&resp_fmts=4&wgl=1&adsid=NT&dt=1612627274933&bpp=4&bdt=6016&idt=1375&shv=r20210202&cbv=r20190131&ptt=9&saldr=aa&abxe=1&cookie=ID%3D0d981459ab243c0c-22ee2109f5c500bf%3AT%3D1612627279%3ART%3D1612627279%3AS%3DALNI_MbUPo_yiShPAO1dmz2P8QYkBNiXAA&prev_fmts=300x600&correlator=6996405057989&frm=20&pv=1&ga_vid=980863690.1612627279&ga_sid=1612627279&ga_hid=1043494781&ga_fc=0&u_tz=480&u_his=1&u_java=0&u_h=1080&u_w=1920&u_ah=1040&u_aw=1920&u_cd=24&u_nplug=0&u_nmime=0&adx=104&ady=1700&biw=1267&bih=850&scr_x=0&scr_y=0&eid=21067981%2C21068083%2C21068769%2C21068893%2C21068946%2C31060049&oid=3&pvsid=3392158215153742&pem=973&ref=https%3A%2F%2Fwas.livere.me%2Fcomment%2Fcity%3Fid%3Dcity%26refer%3Dwww.santostang.com%252F2018%252F07%252F04%252Fhello-world%252F%26uid%3DMTAyMC8yODU4My81MTU0%26site%3Dhttp%253A%252F%252Fwww.santostang.com%252F2018%252F07%252F04%252Fhello-world%252F%26title%3DHello%25252520world%25252521%26titleLength%3D12%26uuid%3D57381d15-f6b5-4359-8138-d4a341bf18da&rx=0&eae=0&fc=896&brdim=4%2C4%2C4%2C4%2C1920%2C0%2C1296%2C975%2C1284%2C867&vis=1&rsz=%7C%7CpeEbr%7C&abl=CS&pfx=0&fu=9352&bc=31&ifi=2&uci=a!2&btvi=1&fsb=1&xpc=EpNOeAfLFB&p=https%3A//blog.csdn.net&dtd=5093, line 1: ReferenceError: buildAttribution is not defined
JavaScript error: https://googleads.g.doubleclick.net/pagead/ads?guci=2.2.0.0.2.2.0.0&client=ca-pub-1076724771190722&output=html&h=600&slotname=1173711872&adk=234842763&adf=351202336&pi=t.ma~as.1173711872&w=300&fwrn=4&fwrnh=100&lmt=1612627280&rafmt=1&psa=0&format=300x600&url=https%3A%2F%2Fblog.csdn.net%2Fweixin_43616817%2Farticle%2Fdetails%2F109022479&flash=0&fwr=0&fwrattr=true&rpe=1&resp_fmts=4&wgl=1&adsid=NT&dt=1612627274933&bpp=4&bdt=6016&idt=1375&shv=r20210202&cbv=r20190131&ptt=9&saldr=aa&abxe=1&cookie=ID%3D0d981459ab243c0c-22ee2109f5c500bf%3AT%3D1612627279%3ART%3D1612627279%3AS%3DALNI_MbUPo_yiShPAO1dmz2P8QYkBNiXAA&prev_fmts=300x600&correlator=6996405057989&frm=20&pv=1&ga_vid=980863690.1612627279&ga_sid=1612627279&ga_hid=1043494781&ga_fc=0&u_tz=480&u_his=1&u_java=0&u_h=1080&u_w=1920&u_ah=1040&u_aw=1920&u_cd=24&u_nplug=0&u_nmime=0&adx=104&ady=1700&biw=1267&bih=850&scr_x=0&scr_y=0&eid=21067981%2C21068083%2C21068769%2C21068893%2C21068946%2C31060049&oid=3&pvsid=3392158215153742&pem=973&ref=https%3A%2F%2Fwas.livere.me%2Fcomment%2Fcity%3Fid%3Dcity%26refer%3Dwww.santostang.com%252F2018%252F07%252F04%252Fhello-world%252F%26uid%3DMTAyMC8yODU4My81MTU0%26site%3Dhttp%253A%252F%252Fwww.santostang.com%252F2018%252F07%252F04%252Fhello-world%252F%26title%3DHello%25252520world%25252521%26titleLength%3D12%26uuid%3D57381d15-f6b5-4359-8138-d4a341bf18da&rx=0&eae=0&fc=896&brdim=4%2C4%2C4%2C4%2C1920%2C0%2C1296%2C975%2C1284%2C867&vis=1&rsz=%7C%7CpeEbr%7C&abl=CS&pfx=0&fu=9352&bc=31&ifi=2&uci=a!2&btvi=1&fsb=1&xpc=EpNOeAfLFB&p=https%3A//blog.csdn.net&dtd=5093, line 1: ReferenceError: googqscp is not defined
1612627938396	geckodriver	INFO	Listening on 127.0.0.1:9249
1612627941449	mozrunner::runner	INFO	Running command: "C:\\Program Files\\Mozilla Firefox\\firefox.exe" "--marionette" "-foreground" "-no-remote" "-profile" "C:\\Users\\林\\AppData\\Local\\Temp\\rust_mozprofile4cKKTQ"
console.warn: SearchSettings: "get: No settings file exists, new profile?" (new Error("", "(unknown module)"))
JavaScript error: chrome://browser/content/places/browserPlacesViews.js, line 131: Error: No DOM node set for aPlacesNode.
node.type: 0. node.parent: [xpconnect wrapped nsINavHistoryResultNode]
1612627944386	Marionette	INFO	Listening on port 9265
1612627944766	Marionette	WARN	TLS certificate errors will be ignored for this session
1612627944784	Marionette	ERROR	[15] No reply from Marionette:Register
1612628033382	geckodriver	INFO	Listening on 127.0.0.1:9497
1612628036442	mozrunner::runner	INFO	Running command: "C:\\Program Files\\Mozilla Firefox\\firefox.exe" "--marionette" "-foreground" "-no-remote" "-profile" "C:\\Users\\林\\AppData\\Local\\Temp\\rust_mozprofileeSQOKq"
console.warn: SearchSettings: "get: No settings file exists, new profile?" (new Error("", "(unknown module)"))
1612628038976	Marionette	INFO	Listening on port 9511
1612628039236	Marionette	WARN	TLS certificate errors will be ignored for this session
1612628039272	Marionette	ERROR	[15] No reply from Marionette:Register
